0    [main] INFO  org.eclipse.jetty.server.Server  Ð jetty-8.1.10.v20130312
118  [main] INFO  org.eclipse.jetty.deploy.providers.ScanningAppProvider  Ð Deployment monitor /usr/local/projects/cpc-blacklight/jetty/contexts at interval 0
156  [main] INFO  org.eclipse.jetty.deploy.DeploymentManager  Ð Deployable added: /usr/local/projects/cpc-blacklight/jetty/contexts/solr.xml
406  [main] INFO  org.eclipse.jetty.webapp.WebInfConfiguration  Ð Extract jar:file:/usr/local/projects/cpc-blacklight/jetty/webapps/solr.war!/ to /usr/local/projects/cpc-blacklight/jetty/solr-webapp/webapp
3556 [main] INFO  org.eclipse.jetty.webapp.StandardDescriptorProcessor  Ð NO JSP Support for /solr, did not find org.apache.jasper.servlet.JspServlet
3797 [main] INFO  org.apache.solr.servlet.SolrDispatchFilter  Ð SolrDispatchFilter.init()
3870 [main] INFO  org.apache.solr.core.SolrResourceLoader  Ð JNDI not configured for solr (NoInitialContextEx)
3870 [main] INFO  org.apache.solr.core.SolrResourceLoader  Ð using system property solr.solr.home: /usr/local/projects/cpc-blacklight/jetty/solr
3876 [main] INFO  org.apache.solr.core.SolrResourceLoader  Ð new SolrResourceLoader for directory: '/usr/local/projects/cpc-blacklight/jetty/solr/'
3891 [main] INFO  org.apache.solr.core.SolrResourceLoader  Ð Adding 'file:/usr/local/projects/cpc-blacklight/jetty/solr/lib/contrib/' to classloader
3892 [main] INFO  org.apache.solr.core.SolrResourceLoader  Ð Adding 'file:/usr/local/projects/cpc-blacklight/jetty/solr/lib/solr-analysis-extras-4.6.0.jar' to classloader
3893 [main] INFO  org.apache.solr.core.SolrResourceLoader  Ð Adding 'file:/usr/local/projects/cpc-blacklight/jetty/solr/lib/solr-clustering-4.6.0.jar' to classloader
3893 [main] INFO  org.apache.solr.core.SolrResourceLoader  Ð Adding 'file:/usr/local/projects/cpc-blacklight/jetty/solr/lib/solr-langid-4.6.0.jar' to classloader
4077 [main] INFO  org.apache.solr.core.ConfigSolr  Ð Loading container configuration from /usr/local/projects/cpc-blacklight/jetty/solr/solr.xml
4470 [main] INFO  org.apache.solr.core.CoreContainer  Ð New CoreContainer 1690464956
4471 [main] INFO  org.apache.solr.core.CoreContainer  Ð Loading cores into CoreContainer [instanceDir=/usr/local/projects/cpc-blacklight/jetty/solr/]
4474 [main] INFO  org.apache.solr.core.CoreContainer  Ð loading shared library: /usr/local/projects/cpc-blacklight/jetty/solr/lib
4475 [main] INFO  org.apache.solr.core.SolrResourceLoader  Ð Adding 'file:/usr/local/projects/cpc-blacklight/jetty/solr/lib/contrib/' to classloader
4475 [main] INFO  org.apache.solr.core.SolrResourceLoader  Ð Adding 'file:/usr/local/projects/cpc-blacklight/jetty/solr/lib/solr-analysis-extras-4.6.0.jar' to classloader
4476 [main] INFO  org.apache.solr.core.SolrResourceLoader  Ð Adding 'file:/usr/local/projects/cpc-blacklight/jetty/solr/lib/solr-clustering-4.6.0.jar' to classloader
4476 [main] INFO  org.apache.solr.core.SolrResourceLoader  Ð Adding 'file:/usr/local/projects/cpc-blacklight/jetty/solr/lib/solr-langid-4.6.0.jar' to classloader
4518 [main] INFO  org.apache.solr.handler.component.HttpShardHandlerFactory  Ð Setting socketTimeout to: 0
4519 [main] INFO  org.apache.solr.handler.component.HttpShardHandlerFactory  Ð Setting urlScheme to: http://
4519 [main] INFO  org.apache.solr.handler.component.HttpShardHandlerFactory  Ð Setting connTimeout to: 0
4519 [main] INFO  org.apache.solr.handler.component.HttpShardHandlerFactory  Ð Setting maxConnectionsPerHost to: 20
4519 [main] INFO  org.apache.solr.handler.component.HttpShardHandlerFactory  Ð Setting corePoolSize to: 0
4520 [main] INFO  org.apache.solr.handler.component.HttpShardHandlerFactory  Ð Setting maximumPoolSize to: 2147483647
4520 [main] INFO  org.apache.solr.handler.component.HttpShardHandlerFactory  Ð Setting maxThreadIdleTime to: 5
4521 [main] INFO  org.apache.solr.handler.component.HttpShardHandlerFactory  Ð Setting sizeOfQueue to: -1
4521 [main] INFO  org.apache.solr.handler.component.HttpShardHandlerFactory  Ð Setting fairnessPolicy to: false
5063 [main] INFO  org.apache.solr.logging.LogWatcher  Ð SLF4J impl is org.slf4j.impl.Log4jLoggerFactory
5064 [main] INFO  org.apache.solr.logging.LogWatcher  Ð Registering Log Listener [Log4j (org.slf4j.impl.Log4jLoggerFactory)]
5213 [coreLoadExecutor-3-thread-1] INFO  org.apache.solr.core.CoreContainer  Ð Creating SolrCore 'blacklight-core' using instanceDir: /usr/local/projects/cpc-blacklight/jetty/solr/blacklight-core
5214 [coreLoadExecutor-3-thread-1] INFO  org.apache.solr.core.SolrResourceLoader  Ð new SolrResourceLoader for directory: '/usr/local/projects/cpc-blacklight/jetty/solr/blacklight-core/'
5307 [coreLoadExecutor-3-thread-1] INFO  org.apache.solr.core.SolrConfig  Ð Adding specified lib dirs to ClassLoader
5308 [coreLoadExecutor-3-thread-1] INFO  org.apache.solr.core.SolrResourceLoader  Ð Adding 'file:/usr/local/projects/cpc-blacklight/jetty/solr/lib/contrib/analysis-extras/lib/icu4j-49.1.jar' to classloader
5308 [coreLoadExecutor-3-thread-1] INFO  org.apache.solr.core.SolrResourceLoader  Ð Adding 'file:/usr/local/projects/cpc-blacklight/jetty/solr/lib/contrib/analysis-extras/lib/morfologik-fsa-1.7.1.jar' to classloader
5309 [coreLoadExecutor-3-thread-1] INFO  org.apache.solr.core.SolrResourceLoader  Ð Adding 'file:/usr/local/projects/cpc-blacklight/jetty/solr/lib/contrib/analysis-extras/lib/morfologik-polish-1.7.1.jar' to classloader
5309 [coreLoadExecutor-3-thread-1] INFO  org.apache.solr.core.SolrResourceLoader  Ð Adding 'file:/usr/local/projects/cpc-blacklight/jetty/solr/lib/contrib/analysis-extras/lib/morfologik-stemming-1.7.1.jar' to classloader
5310 [coreLoadExecutor-3-thread-1] INFO  org.apache.solr.core.SolrResourceLoader  Ð Adding 'file:/usr/local/projects/cpc-blacklight/jetty/solr/lib/contrib/analysis-extras/lucene-libs/lucene-analyzers-icu-4.6.0.jar' to classloader
5310 [coreLoadExecutor-3-thread-1] INFO  org.apache.solr.core.SolrResourceLoader  Ð Adding 'file:/usr/local/projects/cpc-blacklight/jetty/solr/lib/contrib/analysis-extras/lucene-libs/lucene-analyzers-morfologik-4.6.0.jar' to classloader
5310 [coreLoadExecutor-3-thread-1] INFO  org.apache.solr.core.SolrResourceLoader  Ð Adding 'file:/usr/local/projects/cpc-blacklight/jetty/solr/lib/contrib/analysis-extras/lucene-libs/lucene-analyzers-smartcn-4.6.0.jar' to classloader
5311 [coreLoadExecutor-3-thread-1] INFO  org.apache.solr.core.SolrResourceLoader  Ð Adding 'file:/usr/local/projects/cpc-blacklight/jetty/solr/lib/contrib/analysis-extras/lucene-libs/lucene-analyzers-stempel-4.6.0.jar' to classloader
5582 [coreLoadExecutor-3-thread-1] INFO  org.apache.solr.core.SolrConfig  Ð Using Lucene MatchVersion: LUCENE_40
5710 [coreLoadExecutor-3-thread-1] INFO  org.apache.solr.core.Config  Ð Loaded SolrConfig: solrconfig.xml
5716 [coreLoadExecutor-3-thread-1] INFO  org.apache.solr.schema.IndexSchema  Ð Reading Solr Schema from schema.xml
5870 [coreLoadExecutor-3-thread-1] INFO  org.apache.solr.schema.IndexSchema  Ð [blacklight-core] Schema name=Blacklight Demo Index
6403 [coreLoadExecutor-3-thread-1] INFO  org.apache.solr.schema.IndexSchema  Ð default search field in schema is text
6409 [coreLoadExecutor-3-thread-1] INFO  org.apache.solr.schema.IndexSchema  Ð query parser default operator is OR
6411 [coreLoadExecutor-3-thread-1] INFO  org.apache.solr.schema.IndexSchema  Ð unique key field: id
6714 [coreLoadExecutor-3-thread-1] INFO  org.apache.solr.core.SolrCore  Ð solr.StandardDirectoryFactory
6723 [coreLoadExecutor-3-thread-1] INFO  org.apache.solr.core.SolrCore  Ð [blacklight-core] Opening new SolrCore at /usr/local/projects/cpc-blacklight/jetty/solr/blacklight-core/, dataDir=/usr/local/projects/cpc-blacklight/jetty/solr/blacklight-core/data/
6723 [coreLoadExecutor-3-thread-1] INFO  org.apache.solr.core.SolrCore  Ð JMX monitoring not detected for core: blacklight-core
6737 [coreLoadExecutor-3-thread-1] INFO  org.apache.solr.core.CachingDirectoryFactory  Ð return new directory for /usr/local/projects/cpc-blacklight/jetty/solr/blacklight-core/data
6737 [coreLoadExecutor-3-thread-1] INFO  org.apache.solr.core.SolrCore  Ð New index directory detected: old=null new=/usr/local/projects/cpc-blacklight/jetty/solr/blacklight-core/data/index/
6738 [coreLoadExecutor-3-thread-1] WARN  org.apache.solr.core.SolrCore  Ð [blacklight-core] Solr index directory '/usr/local/projects/cpc-blacklight/jetty/solr/blacklight-core/data/index' doesn't exist. Creating new index...
6747 [coreLoadExecutor-3-thread-1] INFO  org.apache.solr.core.CachingDirectoryFactory  Ð return new directory for /usr/local/projects/cpc-blacklight/jetty/solr/blacklight-core/data/index
6868 [coreLoadExecutor-3-thread-1] INFO  org.apache.solr.core.SolrCore  Ð SolrDeletionPolicy.onCommit: commits: num=1
	commit{dir=/usr/local/projects/cpc-blacklight/jetty/solr/blacklight-core/data/index,segFN=segments_1,generation=1}
6868 [coreLoadExecutor-3-thread-1] INFO  org.apache.solr.core.SolrCore  Ð newest commit generation = 1
6952 [coreLoadExecutor-3-thread-1] INFO  org.apache.solr.core.SolrCore  Ð no updateRequestProcessorChain defined as default, creating implicit default
6957 [coreLoadExecutor-3-thread-1] INFO  org.apache.solr.core.RequestHandlers  Ð adding lazy requestHandler: solr.ReplicationHandler
6959 [coreLoadExecutor-3-thread-1] INFO  org.apache.solr.core.RequestHandlers  Ð created /replication: solr.ReplicationHandler
6963 [coreLoadExecutor-3-thread-1] INFO  org.apache.solr.core.RequestHandlers  Ð created standard: solr.StandardRequestHandler
6964 [coreLoadExecutor-3-thread-1] INFO  org.apache.solr.core.RequestHandlers  Ð adding lazy requestHandler: solr.FieldAnalysisRequestHandler
6964 [coreLoadExecutor-3-thread-1] INFO  org.apache.solr.core.RequestHandlers  Ð created /analysis/field: solr.FieldAnalysisRequestHandler
6970 [coreLoadExecutor-3-thread-1] INFO  org.apache.solr.core.RequestHandlers  Ð created /update: solr.UpdateRequestHandler
6971 [coreLoadExecutor-3-thread-1] INFO  org.apache.solr.core.RequestHandlers  Ð created /admin/: org.apache.solr.handler.admin.AdminHandlers
6975 [coreLoadExecutor-3-thread-1] INFO  org.apache.solr.core.RequestHandlers  Ð created /admin/ping: solr.PingRequestHandler
6981 [coreLoadExecutor-3-thread-1] INFO  org.apache.solr.core.RequestHandlers  Ð created search: solr.SearchHandler
6982 [coreLoadExecutor-3-thread-1] INFO  org.apache.solr.core.RequestHandlers  Ð created document: solr.SearchHandler
6982 [coreLoadExecutor-3-thread-1] INFO  org.apache.solr.core.RequestHandlers  Ð created advanced: solr.SearchHandler
7028 [coreLoadExecutor-3-thread-1] INFO  org.apache.solr.handler.loader.XMLLoader  Ð xsltCacheLifetimeSeconds=60
7051 [coreLoadExecutor-3-thread-1] INFO  org.apache.solr.core.SolrCore  Ð Hard AutoCommit: disabled
7051 [coreLoadExecutor-3-thread-1] INFO  org.apache.solr.core.SolrCore  Ð Soft AutoCommit: disabled
7062 [coreLoadExecutor-3-thread-1] INFO  org.apache.solr.core.SolrCore  Ð SolrDeletionPolicy.onInit: commits: num=1
	commit{dir=/usr/local/projects/cpc-blacklight/jetty/solr/blacklight-core/data/index,segFN=segments_1,generation=1}
7064 [coreLoadExecutor-3-thread-1] INFO  org.apache.solr.core.SolrCore  Ð newest commit generation = 1
7074 [coreLoadExecutor-3-thread-1] INFO  org.apache.solr.search.SolrIndexSearcher  Ð Opening Searcher@2f8fc9ba main
7083 [coreLoadExecutor-3-thread-1] INFO  org.apache.solr.handler.component.SpellCheckComponent  Ð Initializing spell checkers
7099 [coreLoadExecutor-3-thread-1] INFO  org.apache.solr.handler.component.SpellCheckComponent  Ð Registering newSearcher listener for spellchecker: default
7119 [coreLoadExecutor-3-thread-1] INFO  org.apache.solr.handler.component.SpellCheckComponent  Ð Registering newSearcher listener for spellchecker: author
7147 [coreLoadExecutor-3-thread-1] INFO  org.apache.solr.handler.component.SpellCheckComponent  Ð Registering newSearcher listener for spellchecker: subject
7152 [coreLoadExecutor-3-thread-1] INFO  org.apache.solr.handler.component.SpellCheckComponent  Ð Registering newSearcher listener for spellchecker: title
7153 [coreLoadExecutor-3-thread-1] INFO  org.apache.solr.handler.component.SpellCheckComponent  Ð No queryConverter defined, using default converter
7174 [searcherExecutor-4-thread-1] INFO  org.apache.solr.core.SolrCore  Ð [blacklight-core] Registered new searcher Searcher@2f8fc9ba main{StandardDirectoryReader(segments_1:1:nrt)}
7174 [coreLoadExecutor-3-thread-1] INFO  org.apache.solr.core.CoreContainer  Ð registering core: blacklight-core
7175 [main] INFO  org.apache.solr.servlet.SolrDispatchFilter  Ð user.dir=/usr/local/projects/cpc-blacklight/jetty
7176 [main] INFO  org.apache.solr.servlet.SolrDispatchFilter  Ð SolrDispatchFilter.init() done
7314 [main] INFO  org.eclipse.jetty.server.AbstractConnector  Ð Started SocketConnector@0.0.0.0:8983
